<?xml version="1.0" encoding="UTF-8"?>
<robot generator="Robot 7.4.1 (Python 3.14.2 on win32)" generated="2025-12-31T12:04:43.310913" rpa="false" schemaversion="5">
<suite id="s1" name="Testcase3" source="C:\Users\User\TestAutomationLab\testcase3.robot">
<test id="s1-t1" name="Scenario: Empty First Name" line="19">
<kw name="Open Browser To Registration Page">
<kw name="Evaluate" owner="BuiltIn">
<msg time="2025-12-31T12:04:43.586324" level="INFO">${chrome_options} = &lt;selenium.webdriver.chrome.options.Options object at 0x0000025487EA9400&gt;</msg>
<var>${chrome_options}</var>
<arg>sys.modules['selenium.webdriver'].ChromeOptions()</arg>
<arg>sys</arg>
<doc>Evaluates the given expression in Python and returns the result.</doc>
<status status="PASS" start="2025-12-31T12:04:43.585830" elapsed="0.000540"/>
</kw>
<kw name="Set Variable" owner="BuiltIn">
<msg time="2025-12-31T12:04:43.586838" level="INFO">${chrome_options.binary_location} = C:\Users\User\TestAutomationLab\chrome-win64\chrome.exe</msg>
<var>${chrome_options.binary_location}</var>
<arg>${CHROME_BROWSER_PATH}</arg>
<doc>Returns the given values which can then be assigned to a variables.</doc>
<status status="PASS" start="2025-12-31T12:04:43.586512" elapsed="0.000367"/>
</kw>
<kw name="Evaluate" owner="BuiltIn">
<msg time="2025-12-31T12:04:43.587544" level="INFO">${service} = &lt;selenium.webdriver.chrome.service.Service object at 0x0000025487EA92B0&gt;</msg>
<var>${service}</var>
<arg>sys.modules["selenium.webdriver.chrome.service"].Service(executable_path=r"${CHROME_DRIVER_PATH}")</arg>
<doc>Evaluates the given expression in Python and returns the result.</doc>
<status status="PASS" start="2025-12-31T12:04:43.586994" elapsed="0.000585"/>
</kw>
<kw name="Create Webdriver" owner="SeleniumLibrary">
<msg time="2025-12-31T12:04:43.587921" level="INFO">Creating an instance of the Chrome WebDriver.</msg>
<arg>Chrome</arg>
<arg>options=${chrome_options}</arg>
<arg>service=${service}</arg>
<doc>Creates an instance of Selenium WebDriver.</doc>
<status status="PASS" start="2025-12-31T12:04:43.587696" elapsed="1.118189"/>
</kw>
<kw name="Go To" owner="SeleniumLibrary">
<msg time="2025-12-31T12:04:44.706340" level="INFO">Opening url 'http://localhost:7272/Lab4/Registration.html'</msg>
<arg>${URL}</arg>
<doc>Navigates the current browser window to the provided ``url``.</doc>
<status status="PASS" start="2025-12-31T12:04:44.706168" elapsed="2.424982"/>
</kw>
<status status="PASS" start="2025-12-31T12:04:43.585147" elapsed="3.546150"/>
</kw>
<kw name="Input Text" owner="SeleniumLibrary">
<msg time="2025-12-31T12:04:47.132037" level="INFO">Typing text 'Sodsai' into text field 'id=lastname'.</msg>
<arg>id=lastname</arg>
<arg>Sodsai</arg>
<doc>Types the given ``text`` into the text field identified by ``locator``.</doc>
<status status="PASS" start="2025-12-31T12:04:47.131638" elapsed="0.078726"/>
</kw>
<kw name="Input Text" owner="SeleniumLibrary">
<msg time="2025-12-31T12:04:47.210949" level="INFO">Typing text 'CS KKU' into text field 'id=organization'.</msg>
<arg>id=organization</arg>
<arg>CS KKU</arg>
<doc>Types the given ``text`` into the text field identified by ``locator``.</doc>
<status status="PASS" start="2025-12-31T12:04:47.210708" elapsed="0.053077"/>
</kw>
<kw name="Input Text" owner="SeleniumLibrary">
<msg time="2025-12-31T12:04:47.264258" level="INFO">Typing text 'somyod@kkumail.com' into text field 'id=email'.</msg>
<arg>id=email</arg>
<arg>somyod@kkumail.com</arg>
<doc>Types the given ``text`` into the text field identified by ``locator``.</doc>
<status status="PASS" start="2025-12-31T12:04:47.264055" elapsed="0.062012"/>
</kw>
<kw name="Input Text" owner="SeleniumLibrary">
<msg time="2025-12-31T12:04:47.326675" level="INFO">Typing text '091-001-1234' into text field 'id=phone'.</msg>
<arg>id=phone</arg>
<arg>091-001-1234</arg>
<doc>Types the given ``text`` into the text field identified by ``locator``.</doc>
<status status="PASS" start="2025-12-31T12:04:47.326464" elapsed="0.054637"/>
</kw>
<kw name="Click Button" owner="SeleniumLibrary">
<msg time="2025-12-31T12:04:47.381704" level="INFO">Clicking button 'id=registerButton'.</msg>
<arg>id=registerButton</arg>
<doc>Clicks the button identified by ``locator``.</doc>
<status status="PASS" start="2025-12-31T12:04:47.381473" elapsed="0.063080"/>
</kw>
<kw name="Wait Until Element Is Visible" owner="SeleniumLibrary">
<arg>id=errors</arg>
<doc>Waits until the element ``locator`` is visible.</doc>
<status status="PASS" start="2025-12-31T12:04:47.444929" elapsed="0.161926"/>
</kw>
<kw name="Element Should Contain" owner="SeleniumLibrary">
<msg time="2025-12-31T12:04:48.633854" level="INFO" html="true">&lt;/td&gt;&lt;/tr&gt;&lt;tr&gt;&lt;td colspan="3"&gt;&lt;a href="selenium-screenshot-1.png"&gt;&lt;img src="selenium-screenshot-1.png" width="800px"&gt;&lt;/a&gt;</msg>
<msg time="2025-12-31T12:04:48.634024" level="FAIL">Element 'id=errors' should have contained text 'Please enter a valid phone number!!' but its text was '*Please enter your first name!!'.</msg>
<arg>id=errors</arg>
<arg>Please enter a valid phone number!!</arg>
<doc>Verifies that element ``locator`` contains text ``expected``.</doc>
<status status="FAIL" start="2025-12-31T12:04:47.607178" elapsed="1.028775">Element 'id=errors' should have contained text 'Please enter a valid phone number!!' but its text was '*Please enter your first name!!'.</status>
</kw>
<kw name="Close Browser" owner="SeleniumLibrary" type="TEARDOWN">
<doc>Closes the current browser.</doc>
<status status="PASS" start="2025-12-31T12:04:48.636412" elapsed="2.263616"/>
</kw>
<doc>ไม่มีชื่อต้น</doc>
<status status="FAIL" start="2025-12-31T12:04:43.584283" elapsed="7.316426">Element 'id=errors' should have contained text 'Please enter a valid phone number!!' but its text was '*Please enter your first name!!'.</status>
</test>
<status status="FAIL" start="2025-12-31T12:04:43.312505" elapsed="7.589340"/>
</suite>
<statistics>
<total>
<stat pass="0" fail="1" skip="0">All Tests</stat>
</total>
<tag>
</tag>
<suite>
<stat name="Testcase3" id="s1" pass="0" fail="1" skip="0">Testcase3</stat>
</suite>
</statistics>
<errors>
</errors>
</robot>
