<?xml version="1.0" encoding="UTF-8"?>
<robot generator="Robot 7.4.1 (Python 3.14.2 on win32)" generated="2026-01-02T00:26:08.363386" rpa="false" schemaversion="5">
<suite id="s1" name="Testcase3" source="C:\Users\User\TestAutomationLab\testcase3.robot">
<test id="s1-t1" name="Scenario: Empty First Name" line="19">
<kw name="Open Browser To Registration Page">
<kw name="Evaluate" owner="BuiltIn">
<msg time="2026-01-02T00:26:08.652561" level="INFO">${chrome_options} = &lt;selenium.webdriver.chrome.options.Options object at 0x00000175F7F19400&gt;</msg>
<var>${chrome_options}</var>
<arg>sys.modules['selenium.webdriver'].ChromeOptions()</arg>
<arg>sys</arg>
<doc>Evaluates the given expression in Python and returns the result.</doc>
<status status="PASS" start="2026-01-02T00:26:08.651908" elapsed="0.000704"/>
</kw>
<kw name="Set Variable" owner="BuiltIn">
<msg time="2026-01-02T00:26:08.653178" level="INFO">${chrome_options.binary_location} = C:\Users\User\TestAutomationLab\chrome-win64\chrome.exe</msg>
<var>${chrome_options.binary_location}</var>
<arg>${CHROME_BROWSER_PATH}</arg>
<doc>Returns the given values which can then be assigned to a variables.</doc>
<status status="PASS" start="2026-01-02T00:26:08.652779" elapsed="0.000444"/>
</kw>
<kw name="Evaluate" owner="BuiltIn">
<msg time="2026-01-02T00:26:08.653973" level="INFO">${service} = &lt;selenium.webdriver.chrome.service.Service object at 0x00000175F7F192B0&gt;</msg>
<var>${service}</var>
<arg>sys.modules["selenium.webdriver.chrome.service"].Service(executable_path=r"${CHROME_DRIVER_PATH}")</arg>
<doc>Evaluates the given expression in Python and returns the result.</doc>
<status status="PASS" start="2026-01-02T00:26:08.653345" elapsed="0.000666"/>
</kw>
<kw name="Create Webdriver" owner="SeleniumLibrary">
<msg time="2026-01-02T00:26:08.654366" level="INFO">Creating an instance of the Chrome WebDriver.</msg>
<arg>Chrome</arg>
<arg>options=${chrome_options}</arg>
<arg>service=${service}</arg>
<doc>Creates an instance of Selenium WebDriver.</doc>
<status status="PASS" start="2026-01-02T00:26:08.654142" elapsed="1.107950"/>
</kw>
<kw name="Go To" owner="SeleniumLibrary">
<msg time="2026-01-02T00:26:09.762465" level="INFO">Opening url 'http://localhost:7272/Lab4/Registration.html'</msg>
<arg>${URL}</arg>
<doc>Navigates the current browser window to the provided ``url``.</doc>
<status status="PASS" start="2026-01-02T00:26:09.762278" elapsed="0.024968"/>
</kw>
<status status="PASS" start="2026-01-02T00:26:08.651065" elapsed="1.136313"/>
</kw>
<kw name="Input Text" owner="SeleniumLibrary">
<msg time="2026-01-02T00:26:09.789776" level="INFO">Typing text 'Sodsai' into text field 'id=lastname'.</msg>
<arg>id=lastname</arg>
<arg>Sodsai</arg>
<doc>Types the given ``text`` into the text field identified by ``locator``.</doc>
<status status="PASS" start="2026-01-02T00:26:09.789319" elapsed="0.174424"/>
</kw>
<kw name="Input Text" owner="SeleniumLibrary">
<msg time="2026-01-02T00:26:09.964352" level="INFO">Typing text 'CS KKU' into text field 'id=organization'.</msg>
<arg>id=organization</arg>
<arg>CS KKU</arg>
<doc>Types the given ``text`` into the text field identified by ``locator``.</doc>
<status status="PASS" start="2026-01-02T00:26:09.964050" elapsed="0.060250"/>
</kw>
<kw name="Input Text" owner="SeleniumLibrary">
<msg time="2026-01-02T00:26:10.025007" level="INFO">Typing text 'somyod@kkumail.com' into text field 'id=email'.</msg>
<arg>id=email</arg>
<arg>somyod@kkumail.com</arg>
<doc>Types the given ``text`` into the text field identified by ``locator``.</doc>
<status status="PASS" start="2026-01-02T00:26:10.024767" elapsed="0.074052"/>
</kw>
<kw name="Input Text" owner="SeleniumLibrary">
<msg time="2026-01-02T00:26:10.099528" level="INFO">Typing text '091-001-1234' into text field 'id=phone'.</msg>
<arg>id=phone</arg>
<arg>091-001-1234</arg>
<doc>Types the given ``text`` into the text field identified by ``locator``.</doc>
<status status="PASS" start="2026-01-02T00:26:10.099270" elapsed="0.087017"/>
</kw>
<kw name="Click Button" owner="SeleniumLibrary">
<msg time="2026-01-02T00:26:10.186746" level="INFO">Clicking button 'id=registerButton'.</msg>
<arg>id=registerButton</arg>
<doc>Clicks the button identified by ``locator``.</doc>
<status status="PASS" start="2026-01-02T00:26:10.186556" elapsed="0.067501"/>
</kw>
<kw name="Close Browser" owner="SeleniumLibrary" type="TEARDOWN">
<doc>Closes the current browser.</doc>
<status status="PASS" start="2026-01-02T00:26:10.254508" elapsed="2.200425"/>
</kw>
<doc>ไม่มีชื่อต้น</doc>
<status status="PASS" start="2026-01-02T00:26:08.650150" elapsed="3.805119"/>
</test>
<status status="PASS" start="2026-01-02T00:26:08.365187" elapsed="4.092202"/>
</suite>
<statistics>
<total>
<stat pass="1" fail="0" skip="0">All Tests</stat>
</total>
<tag>
</tag>
<suite>
<stat name="Testcase3" id="s1" pass="1" fail="0" skip="0">Testcase3</stat>
</suite>
</statistics>
<errors>
</errors>
</robot>
