<?xml version="1.0" encoding="UTF-8"?>
<robot generator="Robot 7.4.1 (Python 3.14.2 on win32)" generated="2026-01-02T00:26:46.160913" rpa="false" schemaversion="5">
<suite id="s1" name="Testcase6" source="C:\Users\User\TestAutomationLab\testcase6.robot">
<test id="s1-t1" name="Scenario: Empty Email" line="19">
<kw name="Open Browser To Registration Page">
<kw name="Evaluate" owner="BuiltIn">
<msg time="2026-01-02T00:26:46.438467" level="INFO">${chrome_options} = &lt;selenium.webdriver.chrome.options.Options object at 0x00000279F6929400&gt;</msg>
<var>${chrome_options}</var>
<arg>sys.modules['selenium.webdriver'].ChromeOptions()</arg>
<arg>sys</arg>
<doc>Evaluates the given expression in Python and returns the result.</doc>
<status status="PASS" start="2026-01-02T00:26:46.437930" elapsed="0.000584"/>
</kw>
<kw name="Set Variable" owner="BuiltIn">
<msg time="2026-01-02T00:26:46.438994" level="INFO">${chrome_options.binary_location} = C:\Users\User\TestAutomationLab\chrome-win64\chrome.exe</msg>
<var>${chrome_options.binary_location}</var>
<arg>${CHROME_BROWSER_PATH}</arg>
<doc>Returns the given values which can then be assigned to a variables.</doc>
<status status="PASS" start="2026-01-02T00:26:46.438664" elapsed="0.000371"/>
</kw>
<kw name="Evaluate" owner="BuiltIn">
<msg time="2026-01-02T00:26:46.439701" level="INFO">${service} = &lt;selenium.webdriver.chrome.service.Service object at 0x00000279F69292B0&gt;</msg>
<var>${service}</var>
<arg>sys.modules["selenium.webdriver.chrome.service"].Service(executable_path=r"${CHROME_DRIVER_PATH}")</arg>
<doc>Evaluates the given expression in Python and returns the result.</doc>
<status status="PASS" start="2026-01-02T00:26:46.439150" elapsed="0.000587"/>
</kw>
<kw name="Create Webdriver" owner="SeleniumLibrary">
<msg time="2026-01-02T00:26:46.440067" level="INFO">Creating an instance of the Chrome WebDriver.</msg>
<arg>Chrome</arg>
<arg>options=${chrome_options}</arg>
<arg>service=${service}</arg>
<doc>Creates an instance of Selenium WebDriver.</doc>
<status status="PASS" start="2026-01-02T00:26:46.439851" elapsed="1.105395"/>
</kw>
<kw name="Go To" owner="SeleniumLibrary">
<msg time="2026-01-02T00:26:47.545643" level="INFO">Opening url 'http://localhost:7272/Lab4/Registration.html'</msg>
<arg>${URL}</arg>
<doc>Navigates the current browser window to the provided ``url``.</doc>
<status status="PASS" start="2026-01-02T00:26:47.545414" elapsed="0.029564"/>
</kw>
<status status="PASS" start="2026-01-02T00:26:46.437245" elapsed="1.137874"/>
</kw>
<kw name="Input Text" owner="SeleniumLibrary">
<msg time="2026-01-02T00:26:47.577119" level="INFO">Typing text 'Somyod' into text field 'id=firstname'.</msg>
<arg>id=firstname</arg>
<arg>Somyod</arg>
<doc>Types the given ``text`` into the text field identified by ``locator``.</doc>
<status status="PASS" start="2026-01-02T00:26:47.576713" elapsed="0.151624"/>
</kw>
<kw name="Input Text" owner="SeleniumLibrary">
<msg time="2026-01-02T00:26:47.729101" level="INFO">Typing text 'Sodsai' into text field 'id=lastname'.</msg>
<arg>id=lastname</arg>
<arg>Sodsai</arg>
<doc>Types the given ``text`` into the text field identified by ``locator``.</doc>
<status status="PASS" start="2026-01-02T00:26:47.728871" elapsed="0.061495"/>
</kw>
<kw name="Input Text" owner="SeleniumLibrary">
<msg time="2026-01-02T00:26:47.790877" level="INFO">Typing text 'CS KKU' into text field 'id=organization'.</msg>
<arg>id=organization</arg>
<arg>CS KKU</arg>
<doc>Types the given ``text`` into the text field identified by ``locator``.</doc>
<status status="PASS" start="2026-01-02T00:26:47.790654" elapsed="0.054670"/>
</kw>
<kw name="Input Text" owner="SeleniumLibrary">
<msg time="2026-01-02T00:26:47.845930" level="INFO">Typing text '091-001-1234' into text field 'id=phone'.</msg>
<arg>id=phone</arg>
<arg>091-001-1234</arg>
<doc>Types the given ``text`` into the text field identified by ``locator``.</doc>
<status status="PASS" start="2026-01-02T00:26:47.845676" elapsed="0.089309"/>
</kw>
<kw name="Click Button" owner="SeleniumLibrary">
<msg time="2026-01-02T00:26:47.935646" level="INFO">Clicking button 'id=registerButton'.</msg>
<arg>id=registerButton</arg>
<doc>Clicks the button identified by ``locator``.</doc>
<status status="PASS" start="2026-01-02T00:26:47.935439" elapsed="0.076340"/>
</kw>
<kw name="Close Browser" owner="SeleniumLibrary" type="TEARDOWN">
<doc>Closes the current browser.</doc>
<status status="PASS" start="2026-01-02T00:26:48.012226" elapsed="2.239486"/>
</kw>
<doc>ทดสอบกรณีที่ไม่มี Email</doc>
<status status="PASS" start="2026-01-02T00:26:46.436350" elapsed="3.816127"/>
</test>
<status status="PASS" start="2026-01-02T00:26:46.162417" elapsed="4.093333"/>
</suite>
<statistics>
<total>
<stat pass="1" fail="0" skip="0">All Tests</stat>
</total>
<tag>
</tag>
<suite>
<stat name="Testcase6" id="s1" pass="1" fail="0" skip="0">Testcase6</stat>
</suite>
</statistics>
<errors>
</errors>
</robot>
