<?xml version="1.0" encoding="UTF-8"?>
<robot generator="Robot 7.4.1 (Python 3.14.2 on win32)" generated="2026-01-02T00:26:30.571299" rpa="false" schemaversion="5">
<suite id="s1" name="Testcase5" source="C:\Users\User\TestAutomationLab\testcase5.robot">
<test id="s1-t1" name="Scenario: Empty Firstname and Last Name" line="19">
<kw name="Open Browser To Registration Page">
<kw name="Evaluate" owner="BuiltIn">
<msg time="2026-01-02T00:26:30.868116" level="INFO">${chrome_options} = &lt;selenium.webdriver.chrome.options.Options object at 0x0000020741E39400&gt;</msg>
<var>${chrome_options}</var>
<arg>sys.modules['selenium.webdriver'].ChromeOptions()</arg>
<arg>sys</arg>
<doc>Evaluates the given expression in Python and returns the result.</doc>
<status status="PASS" start="2026-01-02T00:26:30.867519" elapsed="0.000644"/>
</kw>
<kw name="Set Variable" owner="BuiltIn">
<msg time="2026-01-02T00:26:30.868652" level="INFO">${chrome_options.binary_location} = C:\Users\User\TestAutomationLab\chrome-win64\chrome.exe</msg>
<var>${chrome_options.binary_location}</var>
<arg>${CHROME_BROWSER_PATH}</arg>
<doc>Returns the given values which can then be assigned to a variables.</doc>
<status status="PASS" start="2026-01-02T00:26:30.868312" elapsed="0.000381"/>
</kw>
<kw name="Evaluate" owner="BuiltIn">
<msg time="2026-01-02T00:26:30.869373" level="INFO">${service} = &lt;selenium.webdriver.chrome.service.Service object at 0x0000020741E392B0&gt;</msg>
<var>${service}</var>
<arg>sys.modules["selenium.webdriver.chrome.service"].Service(executable_path=r"${CHROME_DRIVER_PATH}")</arg>
<doc>Evaluates the given expression in Python and returns the result.</doc>
<status status="PASS" start="2026-01-02T00:26:30.868813" elapsed="0.000596"/>
</kw>
<kw name="Create Webdriver" owner="SeleniumLibrary">
<msg time="2026-01-02T00:26:30.869749" level="INFO">Creating an instance of the Chrome WebDriver.</msg>
<arg>Chrome</arg>
<arg>options=${chrome_options}</arg>
<arg>service=${service}</arg>
<doc>Creates an instance of Selenium WebDriver.</doc>
<status status="PASS" start="2026-01-02T00:26:30.869528" elapsed="1.174184"/>
</kw>
<kw name="Go To" owner="SeleniumLibrary">
<msg time="2026-01-02T00:26:32.044049" level="INFO">Opening url 'http://localhost:7272/Lab4/Registration.html'</msg>
<arg>${URL}</arg>
<doc>Navigates the current browser window to the provided ``url``.</doc>
<status status="PASS" start="2026-01-02T00:26:32.043884" elapsed="2.796884"/>
</kw>
<status status="PASS" start="2026-01-02T00:26:30.866811" elapsed="3.974106"/>
</kw>
<kw name="Input Text" owner="SeleniumLibrary">
<msg time="2026-01-02T00:26:34.841976" level="INFO">Typing text 'CS KKU' into text field 'id=organization'.</msg>
<arg>id=organization</arg>
<arg>CS KKU</arg>
<doc>Types the given ``text`` into the text field identified by ``locator``.</doc>
<status status="PASS" start="2026-01-02T00:26:34.841454" elapsed="0.079747"/>
</kw>
<kw name="Input Text" owner="SeleniumLibrary">
<msg time="2026-01-02T00:26:34.921717" level="INFO">Typing text 'somyod@kkumail.com' into text field 'id=email'.</msg>
<arg>id=email</arg>
<arg>somyod@kkumail.com</arg>
<doc>Types the given ``text`` into the text field identified by ``locator``.</doc>
<status status="PASS" start="2026-01-02T00:26:34.921513" elapsed="0.065693"/>
</kw>
<kw name="Input Text" owner="SeleniumLibrary">
<msg time="2026-01-02T00:26:34.987756" level="INFO">Typing text '091-001-1234' into text field 'id=phone'.</msg>
<arg>id=phone</arg>
<arg>091-001-1234</arg>
<doc>Types the given ``text`` into the text field identified by ``locator``.</doc>
<status status="PASS" start="2026-01-02T00:26:34.987547" elapsed="0.058771"/>
</kw>
<kw name="Click Button" owner="SeleniumLibrary">
<msg time="2026-01-02T00:26:35.046818" level="INFO">Clicking button 'id=registerButton'.</msg>
<arg>id=registerButton</arg>
<doc>Clicks the button identified by ``locator``.</doc>
<status status="PASS" start="2026-01-02T00:26:35.046626" elapsed="0.064852"/>
</kw>
<kw name="Close Browser" owner="SeleniumLibrary" type="TEARDOWN">
<doc>Closes the current browser.</doc>
<status status="PASS" start="2026-01-02T00:26:35.111969" elapsed="2.421259"/>
</kw>
<doc>ทดสอบกรณีไม่มีช่องชื่อและนามสกุล</doc>
<status status="PASS" start="2026-01-02T00:26:30.865656" elapsed="6.668593"/>
</test>
<status status="PASS" start="2026-01-02T00:26:30.572811" elapsed="6.964608"/>
</suite>
<statistics>
<total>
<stat pass="1" fail="0" skip="0">All Tests</stat>
</total>
<tag>
</tag>
<suite>
<stat name="Testcase5" id="s1" pass="1" fail="0" skip="0">Testcase5</stat>
</suite>
</statistics>
<errors>
</errors>
</robot>
