<?xml version="1.0" encoding="UTF-8"?>
<robot generator="Robot 7.4.1 (Python 3.14.2 on win32)" generated="2026-01-02T00:25:30.787081" rpa="false" schemaversion="5">
<suite id="s1" name="Testcase1" source="C:\Users\User\TestAutomationLab\testcase1.robot">
<test id="s1-t1" name="Scenario: Register Success" line="19">
<kw name="Open Browser To Registration Page">
<kw name="Evaluate" owner="BuiltIn">
<msg time="2026-01-02T00:25:31.173240" level="INFO">${chrome_options} = &lt;selenium.webdriver.chrome.options.Options object at 0x000001AE84249400&gt;</msg>
<var>${chrome_options}</var>
<arg>sys.modules['selenium.webdriver'].ChromeOptions()</arg>
<arg>sys</arg>
<doc>Evaluates the given expression in Python and returns the result.</doc>
<status status="PASS" start="2026-01-02T00:25:31.172659" elapsed="0.000630"/>
</kw>
<kw name="Set Variable" owner="BuiltIn">
<msg time="2026-01-02T00:25:31.173783" level="INFO">${chrome_options.binary_location} = C:\Users\User\TestAutomationLab\chrome-win64\chrome.exe</msg>
<var>${chrome_options.binary_location}</var>
<arg>${CHROME_BROWSER_PATH}</arg>
<doc>Returns the given values which can then be assigned to a variables.</doc>
<status status="PASS" start="2026-01-02T00:25:31.173447" elapsed="0.000377"/>
</kw>
<kw name="Evaluate" owner="BuiltIn">
<msg time="2026-01-02T00:25:31.174650" level="INFO">${service} = &lt;selenium.webdriver.chrome.service.Service object at 0x000001AE842492B0&gt;</msg>
<var>${service}</var>
<arg>sys.modules["selenium.webdriver.chrome.service"].Service(executable_path=r"${CHROME_DRIVER_PATH}")</arg>
<doc>Evaluates the given expression in Python and returns the result.</doc>
<status status="PASS" start="2026-01-02T00:25:31.173943" elapsed="0.000750"/>
</kw>
<kw name="Create Webdriver" owner="SeleniumLibrary">
<msg time="2026-01-02T00:25:31.175091" level="INFO">Creating an instance of the Chrome WebDriver.</msg>
<arg>Chrome</arg>
<arg>options=${chrome_options}</arg>
<arg>service=${service}</arg>
<doc>Creates an instance of Selenium WebDriver.</doc>
<status status="PASS" start="2026-01-02T00:25:31.174840" elapsed="1.299963"/>
</kw>
<kw name="Go To" owner="SeleniumLibrary">
<msg time="2026-01-02T00:25:32.475152" level="INFO">Opening url 'http://localhost:7272/Lab4/Registration.html'</msg>
<arg>${URL}</arg>
<doc>Navigates the current browser window to the provided ``url``.</doc>
<status status="PASS" start="2026-01-02T00:25:32.474981" elapsed="0.136315"/>
</kw>
<status status="PASS" start="2026-01-02T00:25:31.171930" elapsed="1.439514"/>
</kw>
<kw name="Input Text" owner="SeleniumLibrary">
<msg time="2026-01-02T00:25:32.614307" level="INFO">Typing text 'Somyod' into text field 'id=firstname'.</msg>
<arg>id=firstname</arg>
<arg>Somyod</arg>
<doc>Types the given ``text`` into the text field identified by ``locator``.</doc>
<status status="PASS" start="2026-01-02T00:25:32.613837" elapsed="0.094518"/>
</kw>
<kw name="Input Text" owner="SeleniumLibrary">
<msg time="2026-01-02T00:25:32.709031" level="INFO">Typing text 'Sodsai' into text field 'id=lastname'.</msg>
<arg>id=lastname</arg>
<arg>Sodsai</arg>
<doc>Types the given ``text`` into the text field identified by ``locator``.</doc>
<status status="PASS" start="2026-01-02T00:25:32.708723" elapsed="0.068007"/>
</kw>
<kw name="Input Text" owner="SeleniumLibrary">
<msg time="2026-01-02T00:25:32.777276" level="INFO">Typing text 'CS KKU' into text field 'id=organization'.</msg>
<arg>id=organization</arg>
<arg>CS KKU</arg>
<doc>Types the given ``text`` into the text field identified by ``locator``.</doc>
<status status="PASS" start="2026-01-02T00:25:32.777039" elapsed="0.073380"/>
</kw>
<kw name="Input Text" owner="SeleniumLibrary">
<msg time="2026-01-02T00:25:32.850985" level="INFO">Typing text 'somyod@kkumail.com' into text field 'id=email'.</msg>
<arg>id=email</arg>
<arg>somyod@kkumail.com</arg>
<doc>Types the given ``text`` into the text field identified by ``locator``.</doc>
<status status="PASS" start="2026-01-02T00:25:32.850744" elapsed="0.059757"/>
</kw>
<kw name="Input Text" owner="SeleniumLibrary">
<msg time="2026-01-02T00:25:32.910972" level="INFO">Typing text '091-001-1234' into text field 'id=phone'.</msg>
<arg>id=phone</arg>
<arg>091-001-1234</arg>
<doc>Types the given ``text`` into the text field identified by ``locator``.</doc>
<status status="PASS" start="2026-01-02T00:25:32.910773" elapsed="0.072573"/>
</kw>
<kw name="Click Button" owner="SeleniumLibrary">
<msg time="2026-01-02T00:25:32.984109" level="INFO">Clicking button 'id=registerButton'.</msg>
<arg>id=registerButton</arg>
<doc>Clicks the button identified by ``locator``.</doc>
<status status="PASS" start="2026-01-02T00:25:32.983819" elapsed="0.113127"/>
</kw>
<kw name="Close Browser" owner="SeleniumLibrary" type="TEARDOWN">
<doc>Closes the current browser.</doc>
<status status="PASS" start="2026-01-02T00:25:33.097403" elapsed="2.229036"/>
</kw>
<doc>ทดสอบกรณีสำเร็จ</doc>
<status status="PASS" start="2026-01-02T00:25:31.171043" elapsed="4.155653"/>
</test>
<status status="PASS" start="2026-01-02T00:25:30.788599" elapsed="4.538960"/>
</suite>
<statistics>
<total>
<stat pass="1" fail="0" skip="0">All Tests</stat>
</total>
<tag>
</tag>
<suite>
<stat name="Testcase1" id="s1" pass="1" fail="0" skip="0">Testcase1</stat>
</suite>
</statistics>
<errors>
</errors>
</robot>
