<?xml version="1.0" encoding="UTF-8"?>
<robot generator="Robot 7.4.1 (Python 3.14.2 on win32)" generated="2025-12-31T11:57:08.233129" rpa="false" schemaversion="5">
<suite id="s1" name="Testcase2" source="C:\Users\User\TestAutomationLab\testcase2.robot">
<test id="s1-t1" name="Scenario: Register Success No Organization Info" line="19">
<kw name="Open Browser To Registration Page">
<kw name="Evaluate" owner="BuiltIn">
<msg time="2025-12-31T11:57:08.509082" level="INFO">${chrome_options} = &lt;selenium.webdriver.chrome.options.Options object at 0x00000166F8F29400&gt;</msg>
<var>${chrome_options}</var>
<arg>sys.modules['selenium.webdriver'].ChromeOptions()</arg>
<arg>sys</arg>
<doc>Evaluates the given expression in Python and returns the result.</doc>
<status status="PASS" start="2025-12-31T11:57:08.508573" elapsed="0.000556"/>
</kw>
<kw name="Set Variable" owner="BuiltIn">
<msg time="2025-12-31T11:57:08.509589" level="INFO">${chrome_options.binary_location} = C:\Users\User\TestAutomationLab\chrome-win64\chrome.exe</msg>
<var>${chrome_options.binary_location}</var>
<arg>${CHROME_BROWSER_PATH}</arg>
<doc>Returns the given values which can then be assigned to a variables.</doc>
<status status="PASS" start="2025-12-31T11:57:08.509271" elapsed="0.000358"/>
</kw>
<kw name="Evaluate" owner="BuiltIn">
<msg time="2025-12-31T11:57:08.510304" level="INFO">${service} = &lt;selenium.webdriver.chrome.service.Service object at 0x00000166F8F292B0&gt;</msg>
<var>${service}</var>
<arg>sys.modules["selenium.webdriver.chrome.service"].Service(executable_path=r"${CHROME_DRIVER_PATH}")</arg>
<doc>Evaluates the given expression in Python and returns the result.</doc>
<status status="PASS" start="2025-12-31T11:57:08.509744" elapsed="0.000595"/>
</kw>
<kw name="Create Webdriver" owner="SeleniumLibrary">
<msg time="2025-12-31T11:57:08.510677" level="INFO">Creating an instance of the Chrome WebDriver.</msg>
<arg>Chrome</arg>
<arg>options=${chrome_options}</arg>
<arg>service=${service}</arg>
<doc>Creates an instance of Selenium WebDriver.</doc>
<status status="PASS" start="2025-12-31T11:57:08.510460" elapsed="1.125948"/>
</kw>
<kw name="Go To" owner="SeleniumLibrary">
<msg time="2025-12-31T11:57:09.636742" level="INFO">Opening url 'http://localhost:7272/Lab4/Registration.html'</msg>
<arg>${URL}</arg>
<doc>Navigates the current browser window to the provided ``url``.</doc>
<status status="PASS" start="2025-12-31T11:57:09.636574" elapsed="0.105596"/>
</kw>
<status status="PASS" start="2025-12-31T11:57:08.507885" elapsed="1.234426"/>
</kw>
<kw name="Input Text" owner="SeleniumLibrary">
<msg time="2025-12-31T11:57:09.743172" level="INFO">Typing text 'Somyod' into text field 'id=firstname'.</msg>
<arg>id=firstname</arg>
<arg>Somyod</arg>
<doc>Types the given ``text`` into the text field identified by ``locator``.</doc>
<status status="PASS" start="2025-12-31T11:57:09.742661" elapsed="0.077428"/>
</kw>
<kw name="Input Text" owner="SeleniumLibrary">
<msg time="2025-12-31T11:57:09.820602" level="INFO">Typing text 'Sodsai' into text field 'id=lastname'.</msg>
<arg>id=lastname</arg>
<arg>Sodsai</arg>
<doc>Types the given ``text`` into the text field identified by ``locator``.</doc>
<status status="PASS" start="2025-12-31T11:57:09.820380" elapsed="0.055679"/>
</kw>
<kw name="Input Text" owner="SeleniumLibrary">
<msg time="2025-12-31T11:57:09.876609" level="INFO">Typing text 'somyod@kkumail.com' into text field 'id=email'.</msg>
<arg>id=email</arg>
<arg>somyod@kkumail.com</arg>
<doc>Types the given ``text`` into the text field identified by ``locator``.</doc>
<status status="PASS" start="2025-12-31T11:57:09.876327" elapsed="0.093957"/>
</kw>
<kw name="Input Text" owner="SeleniumLibrary">
<msg time="2025-12-31T11:57:09.970778" level="INFO">Typing text '091-001-1234' into text field 'id=phone'.</msg>
<arg>id=phone</arg>
<arg>091-001-1234</arg>
<doc>Types the given ``text`` into the text field identified by ``locator``.</doc>
<status status="PASS" start="2025-12-31T11:57:09.970574" elapsed="0.056814"/>
</kw>
<kw name="Click Button" owner="SeleniumLibrary">
<msg time="2025-12-31T11:57:10.028041" level="INFO">Clicking button 'id=registerButton'.</msg>
<arg>id=registerButton</arg>
<doc>Clicks the button identified by ``locator``.</doc>
<status status="PASS" start="2025-12-31T11:57:10.027794" elapsed="0.095735"/>
</kw>
<kw name="Wait Until Element Is Visible" owner="SeleniumLibrary">
<msg time="2025-12-31T11:57:16.679621" level="INFO" html="true">&lt;/td&gt;&lt;/tr&gt;&lt;tr&gt;&lt;td colspan="3"&gt;&lt;a href="selenium-screenshot-1.png"&gt;&lt;img src="selenium-screenshot-1.png" width="800px"&gt;&lt;/a&gt;</msg>
<msg time="2025-12-31T11:57:16.679780" level="FAIL">Element 'id=errors' not visible after 5 seconds.</msg>
<arg>id=errors</arg>
<doc>Waits until the element ``locator`` is visible.</doc>
<status status="FAIL" start="2025-12-31T11:57:10.123872" elapsed="6.558176">Element 'id=errors' not visible after 5 seconds.</status>
</kw>
<kw name="Element Should Contain" owner="SeleniumLibrary">
<arg>id=errors</arg>
<arg>Please enter a valid phone number!!</arg>
<doc>Verifies that element ``locator`` contains text ``expected``.</doc>
<status status="NOT RUN" start="2025-12-31T11:57:16.682398" elapsed="0.000041"/>
</kw>
<kw name="Close Browser" owner="SeleniumLibrary" type="TEARDOWN">
<doc>Closes the current browser.</doc>
<status status="PASS" start="2025-12-31T11:57:16.682768" elapsed="2.268218"/>
</kw>
<doc>ทดสอบกรณีสำเร็จไม่มี Organization info</doc>
<status status="FAIL" start="2025-12-31T11:57:08.506904" elapsed="10.445997">Element 'id=errors' not visible after 5 seconds.</status>
</test>
<status status="FAIL" start="2025-12-31T11:57:08.234633" elapsed="10.722030"/>
</suite>
<statistics>
<total>
<stat pass="0" fail="1" skip="0">All Tests</stat>
</total>
<tag>
</tag>
<suite>
<stat name="Testcase2" id="s1" pass="0" fail="1" skip="0">Testcase2</stat>
</suite>
</statistics>
<errors>
</errors>
</robot>
