<?xml version="1.0" encoding="UTF-8"?>
<robot generator="Robot 7.4.1 (Python 3.14.2 on win32)" generated="2026-01-02T00:27:03.538509" rpa="false" schemaversion="5">
<suite id="s1" name="Testcase8" source="C:\Users\User\TestAutomationLab\testcase8.robot">
<test id="s1-t1" name="Scenario: Invalid Phone Number" line="19">
<kw name="Open Browser To Registration Page">
<kw name="Evaluate" owner="BuiltIn">
<msg time="2026-01-02T00:27:03.586436" level="FAIL">Evaluating expression "sys.modules['selenium.webdriver'].ChromeOptions()" failed: KeyError: 'selenium.webdriver'</msg>
<var>${chrome_options}</var>
<arg>sys.modules['selenium.webdriver'].ChromeOptions()</arg>
<arg>sys</arg>
<doc>Evaluates the given expression in Python and returns the result.</doc>
<status status="FAIL" start="2026-01-02T00:27:03.585152" elapsed="0.001482">Evaluating expression "sys.modules['selenium.webdriver'].ChromeOptions()" failed: KeyError: 'selenium.webdriver'</status>
</kw>
<kw name="Set Variable" owner="BuiltIn">
<var>${chrome_options.binary_location}</var>
<arg>${CHROME_BROWSER_PATH}</arg>
<doc>Returns the given values which can then be assigned to a variables.</doc>
<status status="NOT RUN" start="2026-01-02T00:27:03.586799" elapsed="0.000025"/>
</kw>
<kw name="Evaluate" owner="BuiltIn">
<var>${service}</var>
<arg>sys.modules["selenium.webdriver.chrome.service"].Service(executable_path=r"${CHROME_DRIVER_PATH}")</arg>
<doc>Evaluates the given expression in Python and returns the result.</doc>
<status status="NOT RUN" start="2026-01-02T00:27:03.586918" elapsed="0.000020"/>
</kw>
<kw name="Create Webdriver">
<arg>Chrome</arg>
<arg>options=${chrome_options}</arg>
<arg>service=${service}</arg>
<status status="NOT RUN" start="2026-01-02T00:27:03.587060" elapsed="0.000022"/>
</kw>
<kw name="Go To">
<arg>${URL}</arg>
<status status="NOT RUN" start="2026-01-02T00:27:03.587182" elapsed="0.000020"/>
</kw>
<status status="FAIL" start="2026-01-02T00:27:03.584662" elapsed="0.002645">Evaluating expression "sys.modules['selenium.webdriver'].ChromeOptions()" failed: KeyError: 'selenium.webdriver'</status>
</kw>
<kw name="Input Text">
<arg>id=firstname</arg>
<arg>Somyod</arg>
<status status="NOT RUN" start="2026-01-02T00:27:03.587529" elapsed="0.000020"/>
</kw>
<kw name="Input Text">
<arg>id=lastname</arg>
<arg>Sodsai</arg>
<status status="NOT RUN" start="2026-01-02T00:27:03.587732" elapsed="0.000018"/>
</kw>
<kw name="Input Text">
<arg>id=organization</arg>
<arg>CS KKU</arg>
<status status="NOT RUN" start="2026-01-02T00:27:03.587921" elapsed="0.000019"/>
</kw>
<kw name="Input Text">
<arg>id=email</arg>
<arg>somyod@kkumail.com</arg>
<status status="NOT RUN" start="2026-01-02T00:27:03.588110" elapsed="0.000018"/>
</kw>
<kw name="Input Text">
<arg>id=phone</arg>
<arg>1234</arg>
<status status="NOT RUN" start="2026-01-02T00:27:03.588290" elapsed="0.000018"/>
</kw>
<kw name="Click Button">
<arg>id=registerButton</arg>
<status status="NOT RUN" start="2026-01-02T00:27:03.588476" elapsed="0.000018"/>
</kw>
<kw name="Close Browser" type="TEARDOWN">
<msg time="2026-01-02T00:27:03.589458" level="FAIL">No keyword with name 'Close Browser' found.</msg>
<status status="FAIL" start="2026-01-02T00:27:03.589413" elapsed="0.000096">No keyword with name 'Close Browser' found.</status>
</kw>
<doc>ทดสอบกรณีเบอร์โทรศัพท์ไม่ถูกต้อง</doc>
<status status="FAIL" start="2026-01-02T00:27:03.583568" elapsed="0.006252">Evaluating expression "sys.modules['selenium.webdriver'].ChromeOptions()" failed: KeyError: 'selenium.webdriver'

Also teardown failed:
No keyword with name 'Close Browser' found.</status>
</test>
<status status="FAIL" start="2026-01-02T00:27:03.540153" elapsed="0.051172"/>
</suite>
<statistics>
<total>
<stat pass="0" fail="1" skip="0">All Tests</stat>
</total>
<tag>
</tag>
<suite>
<stat name="Testcase8" id="s1" pass="0" fail="1" skip="0">Testcase8</stat>
</suite>
</statistics>
<errors>
</errors>
</robot>
